2011.01.25 14:33 B D:\public_html\1.jpg <-- strlab /home/strlab/public_html 1.jpg
2011.01.25 14:33 B D:\public_html\1.swf <-- strlab /home/strlab/public_html 1.swf
2011.01.25 14:33 B D:\public_html\10.swf <-- strlab /home/strlab/public_html 10.swf
2011.01.25 14:33 B D:\public_html\1sinewave.gif <-- strlab /home/strlab/public_html 1sinewave.gif
2011.01.25 14:33 B D:\public_html\2.jpg <-- strlab /home/strlab/public_html 2.jpg
2011.01.25 14:33 B D:\public_html\2.swf <-- strlab /home/strlab/public_html 2.swf
2011.01.25 14:33 B D:\public_html\2sinewave.gif <-- strlab /home/strlab/public_html 2sinewave.gif
2011.01.25 14:33 B D:\public_html\3.jpg <-- strlab /home/strlab/public_html 3.jpg
2011.01.25 14:33 B D:\public_html\3.swf <-- strlab /home/strlab/public_html 3.swf
2011.01.25 14:33 B D:\public_html\3sinewave.gif <-- strlab /home/strlab/public_html 3sinewave.gif
2011.01.25 14:33 B D:\public_html\4.swf <-- strlab /home/strlab/public_html 4.swf
2011.01.25 14:33 B D:\public_html\4sinewave.gif <-- strlab /home/strlab/public_html 4sinewave.gif
2011.01.25 14:33 B D:\public_html\5.swf <-- strlab /home/strlab/public_html 5.swf
2011.01.25 14:33 B D:\public_html\5sinewave.gif <-- strlab /home/strlab/public_html 5sinewave.gif
2011.01.25 14:33 B D:\public_html\6.swf <-- strlab /home/strlab/public_html 6.swf
2011.01.25 14:33 B D:\public_html\7.swf <-- strlab /home/strlab/public_html 7.swf
2011.01.25 14:33 B D:\public_html\8.swf <-- strlab /home/strlab/public_html 8.swf
2011.01.25 14:33 B D:\public_html\9.swf <-- strlab /home/strlab/public_html 9.swf
2011.01.25 14:33 B D:\public_html\about.html <-- strlab /home/strlab/public_html about.html
2011.01.25 14:33 B D:\public_html\advancecourse.pdf <-- strlab /home/strlab/public_html advancecourse.pdf
2011.01.25 14:33 B D:\public_html\amc.pdf <-- strlab /home/strlab/public_html amc.pdf
2011.01.25 14:33 B D:\public_html\as.bmp <-- strlab /home/strlab/public_html as.bmp
2011.01.25 14:33 B D:\public_html\ASTCE1_2009.jpg <-- strlab /home/strlab/public_html ASTCE1_2009.jpg
2011.01.25 14:33 B D:\public_html\ASTCE1_2010.jpg <-- strlab /home/strlab/public_html ASTCE1_2010.jpg
2011.01.25 14:33 B D:\public_html\ASTCE2_2009.jpg <-- strlab /home/strlab/public_html ASTCE2_2009.jpg
2011.01.25 14:33 B D:\public_html\bamboo.jpg <-- strlab /home/strlab/public_html bamboo.jpg
2011.01.25 14:33 B D:\public_html\beam.html <-- strlab /home/strlab/public_html beam.html
2011.01.25 14:33 B D:\public_html\big_movie.swf <-- strlab /home/strlab/public_html big_movie.swf
2011.01.25 14:34 B D:\public_html\big_movie.wmv <-- strlab /home/strlab/public_html big_movie.wmv
2011.01.25 14:34 B D:\public_html\bitdef.exe <-- strlab /home/strlab/public_html bitdef.exe
2011.01.25 14:34 B D:\public_html\button1.swf <-- strlab /home/strlab/public_html button1.swf
2011.01.25 14:34 B D:\public_html\button10.swf <-- strlab /home/strlab/public_html button10.swf
2011.01.25 14:34 B D:\public_html\button11.swf <-- strlab /home/strlab/public_html button11.swf
2011.01.25 14:34 B D:\public_html\button2.swf <-- strlab /home/strlab/public_html button2.swf
2011.01.25 14:34 B D:\public_html\button3.swf <-- strlab /home/strlab/public_html button3.swf
2011.01.25 14:34 B D:\public_html\button4.swf <-- strlab /home/strlab/public_html button4.swf
2011.01.25 14:34 B D:\public_html\button5.swf <-- strlab /home/strlab/public_html button5.swf
2011.01.25 14:34 B D:\public_html\button6.swf <-- strlab /home/strlab/public_html button6.swf
2011.01.25 14:34 B D:\public_html\button7.swf <-- strlab /home/strlab/public_html button7.swf
2011.01.25 14:34 B D:\public_html\button8.swf <-- strlab /home/strlab/public_html button8.swf
2011.01.25 14:34 B D:\public_html\button9.swf <-- strlab /home/strlab/public_html button9.swf
2011.01.25 14:34 B D:\public_html\bwb.swf <-- strlab /home/strlab/public_html bwb.swf
2011.01.25 14:34 B D:\public_html\computers.pdf <-- strlab /home/strlab/public_html computers.pdf
2011.01.25 14:34 B D:\public_html\contact.jpg <-- strlab /home/strlab/public_html contact.jpg
2011.01.25 14:34 B D:\public_html\contacts.html <-- strlab /home/strlab/public_html contacts.html
2011.01.25 14:34 B D:\public_html\Copy of purchase_register.xlsx <-- strlab /home/strlab/public_html Copy of purchase_register.xlsx
2011.01.25 14:34 B D:\public_html\copy.html <-- strlab /home/strlab/public_html copy.html
2011.01.25 14:34 B D:\public_html\CTM.pdf <-- strlab /home/strlab/public_html CTM.pdf
2011.01.25 14:34 B D:\public_html\disclaimer.html <-- strlab /home/strlab/public_html disclaimer.html
2011.01.25 14:34 B D:\public_html\dmm.pdf <-- strlab /home/strlab/public_html dmm.pdf
2011.01.25 14:34 B D:\public_html\exp1.html <-- strlab /home/strlab/public_html exp1.html
2011.01.25 14:35 B D:\public_html\exp1.jpg <-- strlab /home/strlab/public_html exp1.jpg
2011.01.25 14:35 B D:\public_html\exp2.html <-- strlab /home/strlab/public_html exp2.html
2011.01.25 14:35 B D:\public_html\exp2.jpg <-- strlab /home/strlab/public_html exp2.jpg
2011.01.25 14:35 B D:\public_html\exp3.html <-- strlab /home/strlab/public_html exp3.html
2011.01.25 14:35 B D:\public_html\exp3.jpg <-- strlab /home/strlab/public_html exp3.jpg
2011.01.25 14:35 B D:\public_html\exp4.html <-- strlab /home/strlab/public_html exp4.html
2011.01.25 14:35 B D:\public_html\exp4.jpg <-- strlab /home/strlab/public_html exp4.jpg
2011.01.25 14:35 B D:\public_html\exp5.html <-- strlab /home/strlab/public_html exp5.html
2011.01.25 14:35 B D:\public_html\exp6.html <-- strlab /home/strlab/public_html exp6.html
2011.01.25 14:35 B D:\public_html\exp7.html <-- strlab /home/strlab/public_html exp7.html
2011.01.25 14:35 B D:\public_html\exp8.html <-- strlab /home/strlab/public_html exp8.html
2011.01.25 14:35 B D:\public_html\exp7m1.html <-- strlab /home/strlab/public_html exp7m1.html
2011.01.25 14:35 B D:\public_html\exp7m10.html <-- strlab /home/strlab/public_html exp7m10.html
2011.01.25 14:35 B D:\public_html\exp7m2.html <-- strlab /home/strlab/public_html exp7m2.html
2011.01.25 14:35 B D:\public_html\exp7m3.html <-- strlab /home/strlab/public_html exp7m3.html
2011.01.25 14:35 B D:\public_html\exp7m4.html <-- strlab /home/strlab/public_html exp7m4.html
2011.01.25 14:35 B D:\public_html\exp7m5.html <-- strlab /home/strlab/public_html exp7m5.html
2011.01.25 14:35 B D:\public_html\exp7m6.html <-- strlab /home/strlab/public_html exp7m6.html
2011.01.25 14:35 B D:\public_html\exp7m7.html <-- strlab /home/strlab/public_html exp7m7.html
2011.01.25 14:35 B D:\public_html\exp7m8.html <-- strlab /home/strlab/public_html exp7m8.html
2011.01.25 14:35 B D:\public_html\exp7m9.html <-- strlab /home/strlab/public_html exp7m9.html
2011.01.25 14:35 B D:\public_html\exp7old.html <-- strlab /home/strlab/public_html exp7old.html
2011.01.25 14:35 B D:\public_html\experiments.html <-- strlab /home/strlab/public_html experiments.html
2011.01.25 14:35 B D:\public_html\experiments1.html <-- strlab /home/strlab/public_html experiments1.html
2011.01.25 14:35 B D:\public_html\expt1.vxe <-- strlab /home/strlab/public_html expt1.vxe
2011.01.25 14:35 B D:\public_html\expt2.vxe <-- strlab /home/strlab/public_html expt2.vxe
2011.01.25 14:35 B D:\public_html\expt3.vxe <-- strlab /home/strlab/public_html expt3.vxe
2011.01.25 14:35 B D:\public_html\faculty1.jpg <-- strlab /home/strlab/public_html faculty1.jpg
2011.01.25 14:35 B D:\public_html\faculty2.jpg <-- strlab /home/strlab/public_html faculty2.jpg
2011.01.25 14:35 B D:\public_html\faculty3.jpg <-- strlab /home/strlab/public_html faculty3.jpg
2011.01.25 14:35 B D:\public_html\formA.doc <-- strlab /home/strlab/public_html formA.doc
2011.01.25 14:35 B D:\public_html\formB.doc <-- strlab /home/strlab/public_html formB.doc
2011.01.25 14:35 B D:\public_html\formC.doc <-- strlab /home/strlab/public_html formC.doc
2011.01.25 14:35 B D:\public_html\formD.doc <-- strlab /home/strlab/public_html formD.doc
2011.01.25 14:35 B D:\public_html\formD.pdf <-- strlab /home/strlab/public_html formD.pdf
2011.01.25 14:35 B D:\public_html\formE.doc <-- strlab /home/strlab/public_html formE.doc
2011.01.25 14:35 B D:\public_html\formEL.doc <-- strlab /home/strlab/public_html formEL.doc
2011.01.25 14:35 B D:\public_html\formF.pdf <-- strlab /home/strlab/public_html formF.pdf
2011.01.25 14:35 B D:\public_html\formOT.doc <-- strlab /home/strlab/public_html formOT.doc
2011.01.25 14:35 B D:\public_html\formP.doc <-- strlab /home/strlab/public_html formP.doc
2011.01.25 14:35 B D:\public_html\formWR.doc <-- strlab /home/strlab/public_html formWR.doc
2011.01.25 14:35 B D:\public_html\glass.pdf <-- strlab /home/strlab/public_html glass.pdf
2011.01.25 14:35 B D:\public_html\Hindu_29Apr09.mht <-- strlab /home/strlab/public_html Hindu_29Apr09.mht
2011.01.25 14:35 B D:\public_html\home.html <-- strlab /home/strlab/public_html home.html
2011.01.25 14:35 B D:\public_html\home1.html <-- strlab /home/strlab/public_html home1.html
2011.01.25 14:35 B D:\public_html\home_10.jpg <-- strlab /home/strlab/public_html home_10.jpg
2011.01.25 14:35 B D:\public_html\iewarning.png <-- strlab /home/strlab/public_html iewarning.png
2011.01.25 14:35 B D:\public_html\image743.jpg <-- strlab /home/strlab/public_html image743.jpg
2011.01.25 14:35 B D:\public_html\inauguration1.jpg <-- strlab /home/strlab/public_html inauguration1.jpg
2011.01.25 14:35 B D:\public_html\inauguration2.jpg <-- strlab /home/strlab/public_html inauguration2.jpg
2011.01.25 14:35 B D:\public_html\index files.htm <-- strlab /home/strlab/public_html index files.htm
2011.01.25 14:35 B D:\public_html\index.htm <-- strlab /home/strlab/public_html index.htm
2011.01.25 14:35 B D:\public_html\lcrm.pdf <-- strlab /home/strlab/public_html lcrm.pdf
2011.01.25 14:35 B D:\public_html\list.xlsx <-- strlab /home/strlab/public_html list.xlsx
2011.01.25 14:35 B D:\public_html\logo.jpg <-- strlab /home/strlab/public_html logo.jpg
2011.01.25 14:35 B D:\public_html\m=1n=1.gif <-- strlab /home/strlab/public_html m=1n=1.gif
2011.01.25 14:35 B D:\public_html\m=1n=2.gif <-- strlab /home/strlab/public_html m=1n=2.gif
2011.01.25 14:35 B D:\public_html\m=2n=1.gif <-- strlab /home/strlab/public_html m=2n=1.gif
2011.01.25 14:35 B D:\public_html\m=2n=2.gif <-- strlab /home/strlab/public_html m=2n=2.gif
2011.01.25 14:35 B D:\public_html\mainbeam1.GIF <-- strlab /home/strlab/public_html mainbeam1.GIF
2011.01.25 14:35 B D:\public_html\mainbeam1.jpg <-- strlab /home/strlab/public_html mainbeam1.jpg
2011.01.25 14:35 B D:\public_html\mainbeam1.PNG <-- strlab /home/strlab/public_html mainbeam1.PNG
2011.01.25 14:35 B D:\public_html\mainbeam1.swf <-- strlab /home/strlab/public_html mainbeam1.swf
2011.01.25 14:35 B D:\public_html\manual.html <-- strlab /home/strlab/public_html manual.html
2011.01.25 14:35 B D:\public_html\manual_expt1.pdf <-- strlab /home/strlab/public_html manual_expt1.pdf
2011.01.25 14:35 B D:\public_html\manual_expt2.pdf <-- strlab /home/strlab/public_html manual_expt2.pdf
2011.01.25 14:35 B D:\public_html\manual_expt3.pdf <-- strlab /home/strlab/public_html manual_expt3.pdf
2011.01.25 14:35 B D:\public_html\manual_expt4.pdf <-- strlab /home/strlab/public_html manual_expt4.pdf
2011.01.25 14:35 B D:\public_html\manual_expt5.pdf <-- strlab /home/strlab/public_html manual_expt5.pdf
2011.01.25 14:35 B D:\public_html\manual_expt6.pdf <-- strlab /home/strlab/public_html manual_expt6.pdf
2011.01.25 14:35 B D:\public_html\mm_dashed_line.gif <-- strlab /home/strlab/public_html mm_dashed_line.gif
2011.01.25 14:35 B D:\public_html\mm_health_nutr.css <-- strlab /home/strlab/public_html mm_health_nutr.css
2011.01.25 14:35 B D:\public_html\mm_health_photo.jpg <-- strlab /home/strlab/public_html mm_health_photo.jpg
2011.01.25 14:35 B D:\public_html\mm_lodging_image.jpg <-- strlab /home/strlab/public_html mm_lodging_image.jpg
2011.01.25 14:35 B D:\public_html\mm_spacer.gif <-- strlab /home/strlab/public_html mm_spacer.gif
2011.01.25 14:35 B D:\public_html\Naveen.jpg <-- strlab /home/strlab/public_html Naveen.jpg
2011.01.25 14:35 B D:\public_html\NIQ for AFM cantilever tips.pdf <-- strlab /home/strlab/public_html NIQ for AFM cantilever tips.pdf
2011.01.25 14:35 B D:\public_html\NIQ1.pdf <-- strlab /home/strlab/public_html NIQ1.pdf
2011.01.25 14:35 B D:\public_html\NIQ2.pdf <-- strlab /home/strlab/public_html NIQ2.pdf
2011.01.25 14:35 B D:\public_html\NIQ3.pdf <-- strlab /home/strlab/public_html NIQ3.pdf
2011.01.25 14:35 B D:\public_html\NIQ4.pdf <-- strlab /home/strlab/public_html NIQ4.pdf
2011.01.25 14:35 B D:\public_html\NIQ5.pdf <-- strlab /home/strlab/public_html NIQ5.pdf
2011.01.25 14:35 B D:\public_html\NIQ6.pdf <-- strlab /home/strlab/public_html NIQ6.pdf
2011.01.25 14:35 B D:\public_html\NIQ7.pdf <-- strlab /home/strlab/public_html NIQ7.pdf
2011.01.25 14:35 B D:\public_html\NIQ_AFM.pdf <-- strlab /home/strlab/public_html NIQ_AFM.pdf
2011.01.25 14:35 B D:\public_html\NIQ_computers.pdf <-- strlab /home/strlab/public_html NIQ_computers.pdf
2011.01.25 14:35 B D:\public_html\NIQ_oscilloscopes.pdf <-- strlab /home/strlab/public_html NIQ_oscilloscopes.pdf
2011.01.25 14:35 B D:\public_html\NIQ_PZT.pdf <-- strlab /home/strlab/public_html NIQ_PZT.pdf
2011.01.25 14:35 B D:\public_html\people.html <-- strlab /home/strlab/public_html people.html
2011.01.25 14:35 B D:\public_html\piezo.pdf <-- strlab /home/strlab/public_html piezo.pdf
2011.01.25 14:35 B D:\public_html\Prof_Indubhushan_RMIT.jpg <-- strlab /home/strlab/public_html Prof_Indubhushan_RMIT.jpg
2011.01.25 14:35 B D:\public_html\ProfMilan.jpg <-- strlab /home/strlab/public_html ProfMilan.jpg
2011.01.25 14:35 B D:\public_html\ProfScherer.jpg <-- strlab /home/strlab/public_html ProfScherer.jpg
2011.01.25 14:35 B D:\public_html\purchase_register.xls <-- strlab /home/strlab/public_html purchase_register.xls
2011.01.25 14:35 B D:\public_html\Purchase_Register.xls <-- strlab /home/strlab/public_html Purchase_Register.xls
2011.01.25 14:35 B D:\public_html\purchase_register.xlsx <-- strlab /home/strlab/public_html purchase_register.xlsx
2011.01.25 14:35 B D:\public_html\server.pdf <-- strlab /home/strlab/public_html server.pdf
2011.01.25 14:35 B D:\public_html\shaker.jpg <-- strlab /home/strlab/public_html shaker.jpg
2011.01.25 14:35 B D:\public_html\sheet.png <-- strlab /home/strlab/public_html sheet.png
2011.01.25 14:35 B D:\public_html\shimizu1.jpg <-- strlab /home/strlab/public_html shimizu1.jpg
2011.01.25 14:35 B D:\public_html\Shimizu2.jpg <-- strlab /home/strlab/public_html Shimizu2.jpg
2011.01.25 14:35 B D:\public_html\short_movie.swf <-- strlab /home/strlab/public_html short_movie.swf
2011.01.25 14:35 B D:\public_html\smart.pdf <-- strlab /home/strlab/public_html smart.pdf
2011.01.25 14:35 B D:\public_html\ss.html <-- strlab /home/strlab/public_html ss.html
2011.01.25 14:36 B D:\public_html\ss_1.pdf <-- strlab /home/strlab/public_html ss_1.pdf
2011.01.25 14:36 B D:\public_html\ss_2.pdf <-- strlab /home/strlab/public_html ss_2.pdf
2011.01.25 14:36 B D:\public_html\ss_3.pdf <-- strlab /home/strlab/public_html ss_3.pdf
2011.01.25 14:36 B D:\public_html\ss_4.pdf <-- strlab /home/strlab/public_html ss_4.pdf
2011.01.25 14:36 B D:\public_html\ss_5.pdf <-- strlab /home/strlab/public_html ss_5.pdf
2011.01.25 14:36 B D:\public_html\ss_6.pdf <-- strlab /home/strlab/public_html ss_6.pdf
2011.01.25 14:36 B D:\public_html\ss_7.pdf <-- strlab /home/strlab/public_html ss_7.pdf
2011.01.25 14:36 B D:\public_html\ssdl.jpg <-- strlab /home/strlab/public_html ssdl.jpg
2011.01.25 14:36 B D:\public_html\students.jpg <-- strlab /home/strlab/public_html students.jpg
2011.01.25 14:36 B D:\public_html\SubmitYourIdea.jpg <-- strlab /home/strlab/public_html SubmitYourIdea.jpg
2011.01.25 14:36 B D:\public_html\takeaway.jpg <-- strlab /home/strlab/public_html takeaway.jpg
2011.01.25 14:36 B D:\public_html\text1.swf <-- strlab /home/strlab/public_html text1.swf
2011.01.25 14:36 B D:\public_html\text2.swf <-- strlab /home/strlab/public_html text2.swf
2011.01.25 14:36 B D:\public_html\thinking-pic.jpg <-- strlab /home/strlab/public_html thinking-pic.jpg
2011.01.25 14:36 B D:\public_html\tutorial1.pdf <-- strlab /home/strlab/public_html tutorial1.pdf
2011.01.25 14:36 B D:\public_html\tutorial2.pdf <-- strlab /home/strlab/public_html tutorial2.pdf
2011.01.25 14:36 B D:\public_html\tutorial3.pdf <-- strlab /home/strlab/public_html tutorial3.pdf
2011.01.25 14:36 B D:\public_html\tutorial4.pdf <-- strlab /home/strlab/public_html tutorial4.pdf
2011.01.25 14:36 B D:\public_html\tutorial5.pdf <-- strlab /home/strlab/public_html tutorial5.pdf
2011.01.25 14:36 B D:\public_html\tutorial6.pdf <-- strlab /home/strlab/public_html tutorial6.pdf
2011.01.25 14:36 B D:\public_html\tutorial7.pdf <-- strlab /home/strlab/public_html tutorial7.pdf
2011.01.25 14:36 B D:\public_html\tutorial8.pdf <-- strlab /home/strlab/public_html tutorial8.pdf
2011.01.25 14:36 B D:\public_html\tutorial9.pdf <-- strlab /home/strlab/public_html tutorial9.pdf
2011.01.25 14:36 B D:\public_html\ULTRA LOW COST ADAPTATIONS OF ELECTRO-MECHANICAL IMPEDANCE (EMI) TECHNIQUE FOR STRUCTURAL HEALTH MONITORING.pdf <-- strlab /home/strlab/public_html ULTRA LOW COST ADAPTATIONS OF ELECTRO-MECHANICAL IMPEDANCE (EMI) TECHNIQUE FOR STRUCTURAL HEALTH MONITORING.pdf
2011.01.25 14:36 B D:\public_html\ups.pdf <-- strlab /home/strlab/public_html ups.pdf
2011.01.25 14:36 B D:\public_html\video.html <-- strlab /home/strlab/public_html video.html
2011.01.25 14:36 B D:\public_html\video1.html <-- strlab /home/strlab/public_html video1.html
2011.01.25 14:36 B D:\public_html\video2.html <-- strlab /home/strlab/public_html video2.html
2011.01.25 14:36 B D:\public_html\vssdl1.jpg <-- strlab /home/strlab/public_html vssdl1.jpg
2011.01.25 14:36 B D:\public_html\vssdl2.jpg <-- strlab /home/strlab/public_html vssdl2.jpg
2011.01.25 14:36 B D:\public_html\vssdl3.jpg <-- strlab /home/strlab/public_html vssdl3.jpg
2011.01.25 14:36 B D:\public_html\Web Master Vinod Sharma.pub <-- strlab /home/strlab/public_html Web Master Vinod Sharma.pub
2011.01.25 14:36 B D:\public_html\webmasters.jpg <-- strlab /home/strlab/public_html webmasters.jpg
