2011.01.25 14:28 B D:\public_html\index_files\Web Master Vinod Sharma_files\BldgScience.htm <-- strlab /home/strlab/public_html/index_files/Web Master Vinod Sharma_files BldgScience.htm
2011.01.25 14:28 B D:\public_html\index_files\Web Master Vinod Sharma_files\filelist.xml <-- strlab /home/strlab/public_html/index_files/Web Master Vinod Sharma_files filelist.xml
2011.01.25 14:28 B D:\public_html\index_files\Web Master Vinod Sharma_files\image1000.gif <-- strlab /home/strlab/public_html/index_files/Web Master Vinod Sharma_files image1000.gif
2011.01.25 14:28 B D:\public_html\index_files\Web Master Vinod Sharma_files\image1006.png <-- strlab /home/strlab/public_html/index_files/Web Master Vinod Sharma_files image1006.png
2011.01.25 14:28 B D:\public_html\index_files\Web Master Vinod Sharma_files\image10061.gif <-- strlab /home/strlab/public_html/index_files/Web Master Vinod Sharma_files image10061.gif
2011.01.25 14:28 B D:\public_html\index_files\Web Master Vinod Sharma_files\image1009.png <-- strlab /home/strlab/public_html/index_files/Web Master Vinod Sharma_files image1009.png
2011.01.25 14:28 B D:\public_html\index_files\Web Master Vinod Sharma_files\image10091.gif <-- strlab /home/strlab/public_html/index_files/Web Master Vinod Sharma_files image10091.gif
2011.01.25 14:28 B D:\public_html\index_files\Web Master Vinod Sharma_files\image1012.png <-- strlab /home/strlab/public_html/index_files/Web Master Vinod Sharma_files image1012.png
2011.01.25 14:28 B D:\public_html\index_files\Web Master Vinod Sharma_files\image10121.gif <-- strlab /home/strlab/public_html/index_files/Web Master Vinod Sharma_files image10121.gif
2011.01.25 14:28 B D:\public_html\index_files\Web Master Vinod Sharma_files\image1014.png <-- strlab /home/strlab/public_html/index_files/Web Master Vinod Sharma_files image1014.png
2011.01.25 14:28 B D:\public_html\index_files\Web Master Vinod Sharma_files\image10141.gif <-- strlab /home/strlab/public_html/index_files/Web Master Vinod Sharma_files image10141.gif
2011.01.25 14:28 B D:\public_html\index_files\Web Master Vinod Sharma_files\image1030.gif <-- strlab /home/strlab/public_html/index_files/Web Master Vinod Sharma_files image1030.gif
2011.01.25 14:28 B D:\public_html\index_files\Web Master Vinod Sharma_files\image1052.jpg <-- strlab /home/strlab/public_html/index_files/Web Master Vinod Sharma_files image1052.jpg
2011.01.25 14:28 B D:\public_html\index_files\Web Master Vinod Sharma_files\image1053.jpg <-- strlab /home/strlab/public_html/index_files/Web Master Vinod Sharma_files image1053.jpg
2011.01.25 14:28 B D:\public_html\index_files\Web Master Vinod Sharma_files\image1054.jpg <-- strlab /home/strlab/public_html/index_files/Web Master Vinod Sharma_files image1054.jpg
2011.01.25 14:28 B D:\public_html\index_files\Web Master Vinod Sharma_files\image1055.jpg <-- strlab /home/strlab/public_html/index_files/Web Master Vinod Sharma_files image1055.jpg
2011.01.25 14:28 B D:\public_html\index_files\Web Master Vinod Sharma_files\image1056.jpg <-- strlab /home/strlab/public_html/index_files/Web Master Vinod Sharma_files image1056.jpg
2011.01.25 14:28 B D:\public_html\index_files\Web Master Vinod Sharma_files\image1057.jpg <-- strlab /home/strlab/public_html/index_files/Web Master Vinod Sharma_files image1057.jpg
2011.01.25 14:28 B D:\public_html\index_files\Web Master Vinod Sharma_files\image1058.jpg <-- strlab /home/strlab/public_html/index_files/Web Master Vinod Sharma_files image1058.jpg
2011.01.25 14:28 B D:\public_html\index_files\Web Master Vinod Sharma_files\image1059.jpg <-- strlab /home/strlab/public_html/index_files/Web Master Vinod Sharma_files image1059.jpg
2011.01.25 14:28 B D:\public_html\index_files\Web Master Vinod Sharma_files\image1060.jpg <-- strlab /home/strlab/public_html/index_files/Web Master Vinod Sharma_files image1060.jpg
2011.01.25 14:28 B D:\public_html\index_files\Web Master Vinod Sharma_files\image1061.jpg <-- strlab /home/strlab/public_html/index_files/Web Master Vinod Sharma_files image1061.jpg
2011.01.25 14:28 B D:\public_html\index_files\Web Master Vinod Sharma_files\image1062.jpg <-- strlab /home/strlab/public_html/index_files/Web Master Vinod Sharma_files image1062.jpg
2011.01.25 14:28 B D:\public_html\index_files\Web Master Vinod Sharma_files\image1063.jpg <-- strlab /home/strlab/public_html/index_files/Web Master Vinod Sharma_files image1063.jpg
2011.01.25 14:28 B D:\public_html\index_files\Web Master Vinod Sharma_files\image1064.jpg <-- strlab /home/strlab/public_html/index_files/Web Master Vinod Sharma_files image1064.jpg
2011.01.25 14:28 B D:\public_html\index_files\Web Master Vinod Sharma_files\image1065.jpg <-- strlab /home/strlab/public_html/index_files/Web Master Vinod Sharma_files image1065.jpg
2011.01.25 14:28 B D:\public_html\index_files\Web Master Vinod Sharma_files\image1066.jpg <-- strlab /home/strlab/public_html/index_files/Web Master Vinod Sharma_files image1066.jpg
2011.01.25 14:28 B D:\public_html\index_files\Web Master Vinod Sharma_files\image1074.gif <-- strlab /home/strlab/public_html/index_files/Web Master Vinod Sharma_files image1074.gif
2011.01.25 14:28 B D:\public_html\index_files\Web Master Vinod Sharma_files\image284.gif <-- strlab /home/strlab/public_html/index_files/Web Master Vinod Sharma_files image284.gif
2011.01.25 14:28 B D:\public_html\index_files\Web Master Vinod Sharma_files\image303.gif <-- strlab /home/strlab/public_html/index_files/Web Master Vinod Sharma_files image303.gif
2011.01.25 14:28 B D:\public_html\index_files\Web Master Vinod Sharma_files\image304.gif <-- strlab /home/strlab/public_html/index_files/Web Master Vinod Sharma_files image304.gif
2011.01.25 14:28 B D:\public_html\index_files\Web Master Vinod Sharma_files\image308.gif <-- strlab /home/strlab/public_html/index_files/Web Master Vinod Sharma_files image308.gif
2011.01.25 14:28 B D:\public_html\index_files\Web Master Vinod Sharma_files\image310.gif <-- strlab /home/strlab/public_html/index_files/Web Master Vinod Sharma_files image310.gif
2011.01.25 14:28 B D:\public_html\index_files\Web Master Vinod Sharma_files\image311.gif <-- strlab /home/strlab/public_html/index_files/Web Master Vinod Sharma_files image311.gif
2011.01.25 14:28 B D:\public_html\index_files\Web Master Vinod Sharma_files\image313.gif <-- strlab /home/strlab/public_html/index_files/Web Master Vinod Sharma_files image313.gif
2011.01.25 14:28 B D:\public_html\index_files\Web Master Vinod Sharma_files\image323.gif <-- strlab /home/strlab/public_html/index_files/Web Master Vinod Sharma_files image323.gif
2011.01.25 14:28 B D:\public_html\index_files\Web Master Vinod Sharma_files\image329.jpg <-- strlab /home/strlab/public_html/index_files/Web Master Vinod Sharma_files image329.jpg
2011.01.25 14:28 B D:\public_html\index_files\Web Master Vinod Sharma_files\image330.jpg <-- strlab /home/strlab/public_html/index_files/Web Master Vinod Sharma_files image330.jpg
2011.01.25 14:28 B D:\public_html\index_files\Web Master Vinod Sharma_files\image335.gif <-- strlab /home/strlab/public_html/index_files/Web Master Vinod Sharma_files image335.gif
2011.01.25 14:28 B D:\public_html\index_files\Web Master Vinod Sharma_files\image341.gif <-- strlab /home/strlab/public_html/index_files/Web Master Vinod Sharma_files image341.gif
2011.01.25 14:28 B D:\public_html\index_files\Web Master Vinod Sharma_files\image342.gif <-- strlab /home/strlab/public_html/index_files/Web Master Vinod Sharma_files image342.gif
2011.01.25 14:28 B D:\public_html\index_files\Web Master Vinod Sharma_files\image344.gif <-- strlab /home/strlab/public_html/index_files/Web Master Vinod Sharma_files image344.gif
2011.01.25 14:28 B D:\public_html\index_files\Web Master Vinod Sharma_files\image345.gif <-- strlab /home/strlab/public_html/index_files/Web Master Vinod Sharma_files image345.gif
2011.01.25 14:28 B D:\public_html\index_files\Web Master Vinod Sharma_files\image347.gif <-- strlab /home/strlab/public_html/index_files/Web Master Vinod Sharma_files image347.gif
2011.01.25 14:28 B D:\public_html\index_files\Web Master Vinod Sharma_files\image348.gif <-- strlab /home/strlab/public_html/index_files/Web Master Vinod Sharma_files image348.gif
2011.01.25 14:28 B D:\public_html\index_files\Web Master Vinod Sharma_files\image349.jpg <-- strlab /home/strlab/public_html/index_files/Web Master Vinod Sharma_files image349.jpg
2011.01.25 14:28 B D:\public_html\index_files\Web Master Vinod Sharma_files\image350.gif <-- strlab /home/strlab/public_html/index_files/Web Master Vinod Sharma_files image350.gif
2011.01.25 14:28 B D:\public_html\index_files\Web Master Vinod Sharma_files\image351.jpg <-- strlab /home/strlab/public_html/index_files/Web Master Vinod Sharma_files image351.jpg
2011.01.25 14:28 B D:\public_html\index_files\Web Master Vinod Sharma_files\image3511.jpg <-- strlab /home/strlab/public_html/index_files/Web Master Vinod Sharma_files image3511.jpg
2011.01.25 14:28 B D:\public_html\index_files\Web Master Vinod Sharma_files\image353.gif <-- strlab /home/strlab/public_html/index_files/Web Master Vinod Sharma_files image353.gif
2011.01.25 14:28 B D:\public_html\index_files\Web Master Vinod Sharma_files\image355.gif <-- strlab /home/strlab/public_html/index_files/Web Master Vinod Sharma_files image355.gif
2011.01.25 14:28 B D:\public_html\index_files\Web Master Vinod Sharma_files\image369.gif <-- strlab /home/strlab/public_html/index_files/Web Master Vinod Sharma_files image369.gif
2011.01.25 14:28 B D:\public_html\index_files\Web Master Vinod Sharma_files\image370.jpg <-- strlab /home/strlab/public_html/index_files/Web Master Vinod Sharma_files image370.jpg
2011.01.25 14:28 B D:\public_html\index_files\Web Master Vinod Sharma_files\image387.gif <-- strlab /home/strlab/public_html/index_files/Web Master Vinod Sharma_files image387.gif
2011.01.25 14:28 B D:\public_html\index_files\Web Master Vinod Sharma_files\image389.gif <-- strlab /home/strlab/public_html/index_files/Web Master Vinod Sharma_files image389.gif
2011.01.25 14:28 B D:\public_html\index_files\Web Master Vinod Sharma_files\image390.gif <-- strlab /home/strlab/public_html/index_files/Web Master Vinod Sharma_files image390.gif
2011.01.25 14:28 B D:\public_html\index_files\Web Master Vinod Sharma_files\image399.gif <-- strlab /home/strlab/public_html/index_files/Web Master Vinod Sharma_files image399.gif
2011.01.25 14:28 B D:\public_html\index_files\Web Master Vinod Sharma_files\image3991.gif <-- strlab /home/strlab/public_html/index_files/Web Master Vinod Sharma_files image3991.gif
2011.01.25 14:28 B D:\public_html\index_files\Web Master Vinod Sharma_files\image403.gif <-- strlab /home/strlab/public_html/index_files/Web Master Vinod Sharma_files image403.gif
2011.01.25 14:28 B D:\public_html\index_files\Web Master Vinod Sharma_files\image408.gif <-- strlab /home/strlab/public_html/index_files/Web Master Vinod Sharma_files image408.gif
2011.01.25 14:28 B D:\public_html\index_files\Web Master Vinod Sharma_files\image420.gif <-- strlab /home/strlab/public_html/index_files/Web Master Vinod Sharma_files image420.gif
2011.01.25 14:28 B D:\public_html\index_files\Web Master Vinod Sharma_files\image425.gif <-- strlab /home/strlab/public_html/index_files/Web Master Vinod Sharma_files image425.gif
2011.01.25 14:28 B D:\public_html\index_files\Web Master Vinod Sharma_files\image433.jpg <-- strlab /home/strlab/public_html/index_files/Web Master Vinod Sharma_files image433.jpg
2011.01.25 14:28 B D:\public_html\index_files\Web Master Vinod Sharma_files\image441.gif <-- strlab /home/strlab/public_html/index_files/Web Master Vinod Sharma_files image441.gif
2011.01.25 14:28 B D:\public_html\index_files\Web Master Vinod Sharma_files\image446.gif <-- strlab /home/strlab/public_html/index_files/Web Master Vinod Sharma_files image446.gif
2011.01.25 14:28 B D:\public_html\index_files\Web Master Vinod Sharma_files\image447.gif <-- strlab /home/strlab/public_html/index_files/Web Master Vinod Sharma_files image447.gif
2011.01.25 14:28 B D:\public_html\index_files\Web Master Vinod Sharma_files\image450.png <-- strlab /home/strlab/public_html/index_files/Web Master Vinod Sharma_files image450.png
2011.01.25 14:28 B D:\public_html\index_files\Web Master Vinod Sharma_files\image4501.gif <-- strlab /home/strlab/public_html/index_files/Web Master Vinod Sharma_files image4501.gif
2011.01.25 14:28 B D:\public_html\index_files\Web Master Vinod Sharma_files\image452.png <-- strlab /home/strlab/public_html/index_files/Web Master Vinod Sharma_files image452.png
2011.01.25 14:28 B D:\public_html\index_files\Web Master Vinod Sharma_files\image4521.gif <-- strlab /home/strlab/public_html/index_files/Web Master Vinod Sharma_files image4521.gif
2011.01.25 14:28 B D:\public_html\index_files\Web Master Vinod Sharma_files\image456.png <-- strlab /home/strlab/public_html/index_files/Web Master Vinod Sharma_files image456.png
2011.01.25 14:28 B D:\public_html\index_files\Web Master Vinod Sharma_files\image4561.gif <-- strlab /home/strlab/public_html/index_files/Web Master Vinod Sharma_files image4561.gif
2011.01.25 14:28 B D:\public_html\index_files\Web Master Vinod Sharma_files\image458.gif <-- strlab /home/strlab/public_html/index_files/Web Master Vinod Sharma_files image458.gif
2011.01.25 14:28 B D:\public_html\index_files\Web Master Vinod Sharma_files\image462.png <-- strlab /home/strlab/public_html/index_files/Web Master Vinod Sharma_files image462.png
2011.01.25 14:28 B D:\public_html\index_files\Web Master Vinod Sharma_files\image4621.gif <-- strlab /home/strlab/public_html/index_files/Web Master Vinod Sharma_files image4621.gif
2011.01.25 14:28 B D:\public_html\index_files\Web Master Vinod Sharma_files\image468.png <-- strlab /home/strlab/public_html/index_files/Web Master Vinod Sharma_files image468.png
2011.01.25 14:28 B D:\public_html\index_files\Web Master Vinod Sharma_files\image4681.gif <-- strlab /home/strlab/public_html/index_files/Web Master Vinod Sharma_files image4681.gif
2011.01.25 14:28 B D:\public_html\index_files\Web Master Vinod Sharma_files\image470.png <-- strlab /home/strlab/public_html/index_files/Web Master Vinod Sharma_files image470.png
2011.01.25 14:28 B D:\public_html\index_files\Web Master Vinod Sharma_files\image4701.gif <-- strlab /home/strlab/public_html/index_files/Web Master Vinod Sharma_files image4701.gif
2011.01.25 14:28 B D:\public_html\index_files\Web Master Vinod Sharma_files\image475.gif <-- strlab /home/strlab/public_html/index_files/Web Master Vinod Sharma_files image475.gif
2011.01.25 14:28 B D:\public_html\index_files\Web Master Vinod Sharma_files\image477.png <-- strlab /home/strlab/public_html/index_files/Web Master Vinod Sharma_files image477.png
2011.01.25 14:28 B D:\public_html\index_files\Web Master Vinod Sharma_files\image4771.jpg <-- strlab /home/strlab/public_html/index_files/Web Master Vinod Sharma_files image4771.jpg
2011.01.25 14:28 B D:\public_html\index_files\Web Master Vinod Sharma_files\image483.png <-- strlab /home/strlab/public_html/index_files/Web Master Vinod Sharma_files image483.png
2011.01.25 14:28 B D:\public_html\index_files\Web Master Vinod Sharma_files\image4831.jpg <-- strlab /home/strlab/public_html/index_files/Web Master Vinod Sharma_files image4831.jpg
2011.01.25 14:28 B D:\public_html\index_files\Web Master Vinod Sharma_files\image487.png <-- strlab /home/strlab/public_html/index_files/Web Master Vinod Sharma_files image487.png
2011.01.25 14:28 B D:\public_html\index_files\Web Master Vinod Sharma_files\image4871.jpg <-- strlab /home/strlab/public_html/index_files/Web Master Vinod Sharma_files image4871.jpg
2011.01.25 14:28 B D:\public_html\index_files\Web Master Vinod Sharma_files\image495.png <-- strlab /home/strlab/public_html/index_files/Web Master Vinod Sharma_files image495.png
2011.01.25 14:28 B D:\public_html\index_files\Web Master Vinod Sharma_files\image4951.jpg <-- strlab /home/strlab/public_html/index_files/Web Master Vinod Sharma_files image4951.jpg
2011.01.25 14:28 B D:\public_html\index_files\Web Master Vinod Sharma_files\image497.png <-- strlab /home/strlab/public_html/index_files/Web Master Vinod Sharma_files image497.png
2011.01.25 14:28 B D:\public_html\index_files\Web Master Vinod Sharma_files\image4971.gif <-- strlab /home/strlab/public_html/index_files/Web Master Vinod Sharma_files image4971.gif
2011.01.25 14:28 B D:\public_html\index_files\Web Master Vinod Sharma_files\image499.jpg <-- strlab /home/strlab/public_html/index_files/Web Master Vinod Sharma_files image499.jpg
2011.01.25 14:28 B D:\public_html\index_files\Web Master Vinod Sharma_files\image501.jpg <-- strlab /home/strlab/public_html/index_files/Web Master Vinod Sharma_files image501.jpg
2011.01.25 14:28 B D:\public_html\index_files\Web Master Vinod Sharma_files\image507.jpg <-- strlab /home/strlab/public_html/index_files/Web Master Vinod Sharma_files image507.jpg
2011.01.25 14:28 B D:\public_html\index_files\Web Master Vinod Sharma_files\image5071.jpg <-- strlab /home/strlab/public_html/index_files/Web Master Vinod Sharma_files image5071.jpg
2011.01.25 14:28 B D:\public_html\index_files\Web Master Vinod Sharma_files\image511.jpg <-- strlab /home/strlab/public_html/index_files/Web Master Vinod Sharma_files image511.jpg
2011.01.25 14:28 B D:\public_html\index_files\Web Master Vinod Sharma_files\image5111.jpg <-- strlab /home/strlab/public_html/index_files/Web Master Vinod Sharma_files image5111.jpg
2011.01.25 14:28 B D:\public_html\index_files\Web Master Vinod Sharma_files\image520.jpg <-- strlab /home/strlab/public_html/index_files/Web Master Vinod Sharma_files image520.jpg
2011.01.25 14:28 B D:\public_html\index_files\Web Master Vinod Sharma_files\image5201.jpg <-- strlab /home/strlab/public_html/index_files/Web Master Vinod Sharma_files image5201.jpg
2011.01.25 14:28 B D:\public_html\index_files\Web Master Vinod Sharma_files\image531.jpg <-- strlab /home/strlab/public_html/index_files/Web Master Vinod Sharma_files image531.jpg
2011.01.25 14:28 B D:\public_html\index_files\Web Master Vinod Sharma_files\image534.jpg <-- strlab /home/strlab/public_html/index_files/Web Master Vinod Sharma_files image534.jpg
2011.01.25 14:28 B D:\public_html\index_files\Web Master Vinod Sharma_files\image539.gif <-- strlab /home/strlab/public_html/index_files/Web Master Vinod Sharma_files image539.gif
2011.01.25 14:28 B D:\public_html\index_files\Web Master Vinod Sharma_files\image541.png <-- strlab /home/strlab/public_html/index_files/Web Master Vinod Sharma_files image541.png
2011.01.25 14:28 B D:\public_html\index_files\Web Master Vinod Sharma_files\image5411.gif <-- strlab /home/strlab/public_html/index_files/Web Master Vinod Sharma_files image5411.gif
2011.01.25 14:28 B D:\public_html\index_files\Web Master Vinod Sharma_files\image543.png <-- strlab /home/strlab/public_html/index_files/Web Master Vinod Sharma_files image543.png
2011.01.25 14:28 B D:\public_html\index_files\Web Master Vinod Sharma_files\image5431.gif <-- strlab /home/strlab/public_html/index_files/Web Master Vinod Sharma_files image5431.gif
2011.01.25 14:28 B D:\public_html\index_files\Web Master Vinod Sharma_files\image545.png <-- strlab /home/strlab/public_html/index_files/Web Master Vinod Sharma_files image545.png
2011.01.25 14:28 B D:\public_html\index_files\Web Master Vinod Sharma_files\image5451.gif <-- strlab /home/strlab/public_html/index_files/Web Master Vinod Sharma_files image5451.gif
2011.01.25 14:29 B D:\public_html\index_files\Web Master Vinod Sharma_files\image547.png <-- strlab /home/strlab/public_html/index_files/Web Master Vinod Sharma_files image547.png
2011.01.25 14:29 B D:\public_html\index_files\Web Master Vinod Sharma_files\image5471.gif <-- strlab /home/strlab/public_html/index_files/Web Master Vinod Sharma_files image5471.gif
2011.01.25 14:29 B D:\public_html\index_files\Web Master Vinod Sharma_files\image549.png <-- strlab /home/strlab/public_html/index_files/Web Master Vinod Sharma_files image549.png
2011.01.25 14:29 B D:\public_html\index_files\Web Master Vinod Sharma_files\image5491.gif <-- strlab /home/strlab/public_html/index_files/Web Master Vinod Sharma_files image5491.gif
2011.01.25 14:29 B D:\public_html\index_files\Web Master Vinod Sharma_files\image551.png <-- strlab /home/strlab/public_html/index_files/Web Master Vinod Sharma_files image551.png
2011.01.25 14:29 B D:\public_html\index_files\Web Master Vinod Sharma_files\image5511.gif <-- strlab /home/strlab/public_html/index_files/Web Master Vinod Sharma_files image5511.gif
2011.01.25 14:29 B D:\public_html\index_files\Web Master Vinod Sharma_files\image561.gif <-- strlab /home/strlab/public_html/index_files/Web Master Vinod Sharma_files image561.gif
2011.01.25 14:29 B D:\public_html\index_files\Web Master Vinod Sharma_files\image562.gif <-- strlab /home/strlab/public_html/index_files/Web Master Vinod Sharma_files image562.gif
2011.01.25 14:29 B D:\public_html\index_files\Web Master Vinod Sharma_files\image566.gif <-- strlab /home/strlab/public_html/index_files/Web Master Vinod Sharma_files image566.gif
2011.01.25 14:29 B D:\public_html\index_files\Web Master Vinod Sharma_files\image567.jpg <-- strlab /home/strlab/public_html/index_files/Web Master Vinod Sharma_files image567.jpg
2011.01.25 14:29 B D:\public_html\index_files\Web Master Vinod Sharma_files\image570.gif <-- strlab /home/strlab/public_html/index_files/Web Master Vinod Sharma_files image570.gif
2011.01.25 14:29 B D:\public_html\index_files\Web Master Vinod Sharma_files\image574.gif <-- strlab /home/strlab/public_html/index_files/Web Master Vinod Sharma_files image574.gif
2011.01.25 14:29 B D:\public_html\index_files\Web Master Vinod Sharma_files\image575.gif <-- strlab /home/strlab/public_html/index_files/Web Master Vinod Sharma_files image575.gif
2011.01.25 14:29 B D:\public_html\index_files\Web Master Vinod Sharma_files\image580.gif <-- strlab /home/strlab/public_html/index_files/Web Master Vinod Sharma_files image580.gif
2011.01.25 14:29 B D:\public_html\index_files\Web Master Vinod Sharma_files\image583.gif <-- strlab /home/strlab/public_html/index_files/Web Master Vinod Sharma_files image583.gif
2011.01.25 14:29 B D:\public_html\index_files\Web Master Vinod Sharma_files\image584.gif <-- strlab /home/strlab/public_html/index_files/Web Master Vinod Sharma_files image584.gif
2011.01.25 14:29 B D:\public_html\index_files\Web Master Vinod Sharma_files\image585.gif <-- strlab /home/strlab/public_html/index_files/Web Master Vinod Sharma_files image585.gif
2011.01.25 14:29 B D:\public_html\index_files\Web Master Vinod Sharma_files\image587.gif <-- strlab /home/strlab/public_html/index_files/Web Master Vinod Sharma_files image587.gif
2011.01.25 14:29 B D:\public_html\index_files\Web Master Vinod Sharma_files\image588.gif <-- strlab /home/strlab/public_html/index_files/Web Master Vinod Sharma_files image588.gif
2011.01.25 14:29 B D:\public_html\index_files\Web Master Vinod Sharma_files\image591.gif <-- strlab /home/strlab/public_html/index_files/Web Master Vinod Sharma_files image591.gif
2011.01.25 14:29 B D:\public_html\index_files\Web Master Vinod Sharma_files\image594.gif <-- strlab /home/strlab/public_html/index_files/Web Master Vinod Sharma_files image594.gif
2011.01.25 14:29 B D:\public_html\index_files\Web Master Vinod Sharma_files\image595.gif <-- strlab /home/strlab/public_html/index_files/Web Master Vinod Sharma_files image595.gif
2011.01.25 14:29 B D:\public_html\index_files\Web Master Vinod Sharma_files\image596.gif <-- strlab /home/strlab/public_html/index_files/Web Master Vinod Sharma_files image596.gif
2011.01.25 14:29 B D:\public_html\index_files\Web Master Vinod Sharma_files\image5961.gif <-- strlab /home/strlab/public_html/index_files/Web Master Vinod Sharma_files image5961.gif
2011.01.25 14:29 B D:\public_html\index_files\Web Master Vinod Sharma_files\image602.gif <-- strlab /home/strlab/public_html/index_files/Web Master Vinod Sharma_files image602.gif
2011.01.25 14:29 B D:\public_html\index_files\Web Master Vinod Sharma_files\image603.gif <-- strlab /home/strlab/public_html/index_files/Web Master Vinod Sharma_files image603.gif
2011.01.25 14:29 B D:\public_html\index_files\Web Master Vinod Sharma_files\image606.gif <-- strlab /home/strlab/public_html/index_files/Web Master Vinod Sharma_files image606.gif
2011.01.25 14:29 B D:\public_html\index_files\Web Master Vinod Sharma_files\image608.gif <-- strlab /home/strlab/public_html/index_files/Web Master Vinod Sharma_files image608.gif
2011.01.25 14:29 B D:\public_html\index_files\Web Master Vinod Sharma_files\image614.gif <-- strlab /home/strlab/public_html/index_files/Web Master Vinod Sharma_files image614.gif
2011.01.25 14:29 B D:\public_html\index_files\Web Master Vinod Sharma_files\image616.gif <-- strlab /home/strlab/public_html/index_files/Web Master Vinod Sharma_files image616.gif
2011.01.25 14:29 B D:\public_html\index_files\Web Master Vinod Sharma_files\image620.gif <-- strlab /home/strlab/public_html/index_files/Web Master Vinod Sharma_files image620.gif
2011.01.25 14:29 B D:\public_html\index_files\Web Master Vinod Sharma_files\image624.jpg <-- strlab /home/strlab/public_html/index_files/Web Master Vinod Sharma_files image624.jpg
2011.01.25 14:29 B D:\public_html\index_files\Web Master Vinod Sharma_files\image626.jpg <-- strlab /home/strlab/public_html/index_files/Web Master Vinod Sharma_files image626.jpg
2011.01.25 14:29 B D:\public_html\index_files\Web Master Vinod Sharma_files\image631.gif <-- strlab /home/strlab/public_html/index_files/Web Master Vinod Sharma_files image631.gif
2011.01.25 14:29 B D:\public_html\index_files\Web Master Vinod Sharma_files\image636.gif <-- strlab /home/strlab/public_html/index_files/Web Master Vinod Sharma_files image636.gif
2011.01.25 14:29 B D:\public_html\index_files\Web Master Vinod Sharma_files\image640.gif <-- strlab /home/strlab/public_html/index_files/Web Master Vinod Sharma_files image640.gif
2011.01.25 14:29 B D:\public_html\index_files\Web Master Vinod Sharma_files\image651.gif <-- strlab /home/strlab/public_html/index_files/Web Master Vinod Sharma_files image651.gif
2011.01.25 14:29 B D:\public_html\index_files\Web Master Vinod Sharma_files\image652.gif <-- strlab /home/strlab/public_html/index_files/Web Master Vinod Sharma_files image652.gif
2011.01.25 14:29 B D:\public_html\index_files\Web Master Vinod Sharma_files\image654.gif <-- strlab /home/strlab/public_html/index_files/Web Master Vinod Sharma_files image654.gif
2011.01.25 14:29 B D:\public_html\index_files\Web Master Vinod Sharma_files\image666.gif <-- strlab /home/strlab/public_html/index_files/Web Master Vinod Sharma_files image666.gif
2011.01.25 14:29 B D:\public_html\index_files\Web Master Vinod Sharma_files\image672.gif <-- strlab /home/strlab/public_html/index_files/Web Master Vinod Sharma_files image672.gif
2011.01.25 14:29 B D:\public_html\index_files\Web Master Vinod Sharma_files\image674.jpg <-- strlab /home/strlab/public_html/index_files/Web Master Vinod Sharma_files image674.jpg
2011.01.25 14:29 B D:\public_html\index_files\Web Master Vinod Sharma_files\image675.jpg <-- strlab /home/strlab/public_html/index_files/Web Master Vinod Sharma_files image675.jpg
2011.01.25 14:29 B D:\public_html\index_files\Web Master Vinod Sharma_files\image677.gif <-- strlab /home/strlab/public_html/index_files/Web Master Vinod Sharma_files image677.gif
2011.01.25 14:29 B D:\public_html\index_files\Web Master Vinod Sharma_files\image682.gif <-- strlab /home/strlab/public_html/index_files/Web Master Vinod Sharma_files image682.gif
2011.01.25 14:29 B D:\public_html\index_files\Web Master Vinod Sharma_files\image683.gif <-- strlab /home/strlab/public_html/index_files/Web Master Vinod Sharma_files image683.gif
2011.01.25 14:29 B D:\public_html\index_files\Web Master Vinod Sharma_files\image687.gif <-- strlab /home/strlab/public_html/index_files/Web Master Vinod Sharma_files image687.gif
2011.01.25 14:29 B D:\public_html\index_files\Web Master Vinod Sharma_files\image691.gif <-- strlab /home/strlab/public_html/index_files/Web Master Vinod Sharma_files image691.gif
2011.01.25 14:29 B D:\public_html\index_files\Web Master Vinod Sharma_files\image692.gif <-- strlab /home/strlab/public_html/index_files/Web Master Vinod Sharma_files image692.gif
2011.01.25 14:29 B D:\public_html\index_files\Web Master Vinod Sharma_files\image697.gif <-- strlab /home/strlab/public_html/index_files/Web Master Vinod Sharma_files image697.gif
2011.01.25 14:29 B D:\public_html\index_files\Web Master Vinod Sharma_files\image698.gif <-- strlab /home/strlab/public_html/index_files/Web Master Vinod Sharma_files image698.gif
2011.01.25 14:29 B D:\public_html\index_files\Web Master Vinod Sharma_files\image703.gif <-- strlab /home/strlab/public_html/index_files/Web Master Vinod Sharma_files image703.gif
2011.01.25 14:29 B D:\public_html\index_files\Web Master Vinod Sharma_files\image717.gif <-- strlab /home/strlab/public_html/index_files/Web Master Vinod Sharma_files image717.gif
2011.01.25 14:29 B D:\public_html\index_files\Web Master Vinod Sharma_files\image719.gif <-- strlab /home/strlab/public_html/index_files/Web Master Vinod Sharma_files image719.gif
2011.01.25 14:29 B D:\public_html\index_files\Web Master Vinod Sharma_files\image720.gif <-- strlab /home/strlab/public_html/index_files/Web Master Vinod Sharma_files image720.gif
2011.01.25 14:29 B D:\public_html\index_files\Web Master Vinod Sharma_files\image721.gif <-- strlab /home/strlab/public_html/index_files/Web Master Vinod Sharma_files image721.gif
2011.01.25 14:29 B D:\public_html\index_files\Web Master Vinod Sharma_files\image725.gif <-- strlab /home/strlab/public_html/index_files/Web Master Vinod Sharma_files image725.gif
2011.01.25 14:29 B D:\public_html\index_files\Web Master Vinod Sharma_files\image726.gif <-- strlab /home/strlab/public_html/index_files/Web Master Vinod Sharma_files image726.gif
2011.01.25 14:29 B D:\public_html\index_files\Web Master Vinod Sharma_files\image728.gif <-- strlab /home/strlab/public_html/index_files/Web Master Vinod Sharma_files image728.gif
2011.01.25 14:29 B D:\public_html\index_files\Web Master Vinod Sharma_files\image729.gif <-- strlab /home/strlab/public_html/index_files/Web Master Vinod Sharma_files image729.gif
2011.01.25 14:29 B D:\public_html\index_files\Web Master Vinod Sharma_files\image731.gif <-- strlab /home/strlab/public_html/index_files/Web Master Vinod Sharma_files image731.gif
2011.01.25 14:29 B D:\public_html\index_files\Web Master Vinod Sharma_files\image734.gif <-- strlab /home/strlab/public_html/index_files/Web Master Vinod Sharma_files image734.gif
2011.01.25 14:29 B D:\public_html\index_files\Web Master Vinod Sharma_files\image736.gif <-- strlab /home/strlab/public_html/index_files/Web Master Vinod Sharma_files image736.gif
2011.01.25 14:29 B D:\public_html\index_files\Web Master Vinod Sharma_files\image737.gif <-- strlab /home/strlab/public_html/index_files/Web Master Vinod Sharma_files image737.gif
2011.01.25 14:29 B D:\public_html\index_files\Web Master Vinod Sharma_files\image739.gif <-- strlab /home/strlab/public_html/index_files/Web Master Vinod Sharma_files image739.gif
2011.01.25 14:29 B D:\public_html\index_files\Web Master Vinod Sharma_files\image740.gif <-- strlab /home/strlab/public_html/index_files/Web Master Vinod Sharma_files image740.gif
2011.01.25 14:29 B D:\public_html\index_files\Web Master Vinod Sharma_files\image743.jpg <-- strlab /home/strlab/public_html/index_files/Web Master Vinod Sharma_files image743.jpg
2011.01.25 14:29 B D:\public_html\index_files\Web Master Vinod Sharma_files\image745.gif <-- strlab /home/strlab/public_html/index_files/Web Master Vinod Sharma_files image745.gif
2011.01.25 14:29 B D:\public_html\index_files\Web Master Vinod Sharma_files\image747.jpg <-- strlab /home/strlab/public_html/index_files/Web Master Vinod Sharma_files image747.jpg
2011.01.25 14:29 B D:\public_html\index_files\Web Master Vinod Sharma_files\image750.jpg <-- strlab /home/strlab/public_html/index_files/Web Master Vinod Sharma_files image750.jpg
2011.01.25 14:29 B D:\public_html\index_files\Web Master Vinod Sharma_files\image752.png <-- strlab /home/strlab/public_html/index_files/Web Master Vinod Sharma_files image752.png
2011.01.25 14:29 B D:\public_html\index_files\Web Master Vinod Sharma_files\image7521.jpg <-- strlab /home/strlab/public_html/index_files/Web Master Vinod Sharma_files image7521.jpg
2011.01.25 14:29 B D:\public_html\index_files\Web Master Vinod Sharma_files\image756.gif <-- strlab /home/strlab/public_html/index_files/Web Master Vinod Sharma_files image756.gif
2011.01.25 14:29 B D:\public_html\index_files\Web Master Vinod Sharma_files\image757.gif <-- strlab /home/strlab/public_html/index_files/Web Master Vinod Sharma_files image757.gif
2011.01.25 14:29 B D:\public_html\index_files\Web Master Vinod Sharma_files\image758.gif <-- strlab /home/strlab/public_html/index_files/Web Master Vinod Sharma_files image758.gif
2011.01.25 14:29 B D:\public_html\index_files\Web Master Vinod Sharma_files\image759.jpg <-- strlab /home/strlab/public_html/index_files/Web Master Vinod Sharma_files image759.jpg
2011.01.25 14:29 B D:\public_html\index_files\Web Master Vinod Sharma_files\image760.gif <-- strlab /home/strlab/public_html/index_files/Web Master Vinod Sharma_files image760.gif
2011.01.25 14:29 B D:\public_html\index_files\Web Master Vinod Sharma_files\image763.gif <-- strlab /home/strlab/public_html/index_files/Web Master Vinod Sharma_files image763.gif
2011.01.25 14:29 B D:\public_html\index_files\Web Master Vinod Sharma_files\image765.gif <-- strlab /home/strlab/public_html/index_files/Web Master Vinod Sharma_files image765.gif
2011.01.25 14:29 B D:\public_html\index_files\Web Master Vinod Sharma_files\image767.png <-- strlab /home/strlab/public_html/index_files/Web Master Vinod Sharma_files image767.png
2011.01.25 14:29 B D:\public_html\index_files\Web Master Vinod Sharma_files\image7671.gif <-- strlab /home/strlab/public_html/index_files/Web Master Vinod Sharma_files image7671.gif
2011.01.25 14:29 B D:\public_html\index_files\Web Master Vinod Sharma_files\image781.jpg <-- strlab /home/strlab/public_html/index_files/Web Master Vinod Sharma_files image781.jpg
2011.01.25 14:29 B D:\public_html\index_files\Web Master Vinod Sharma_files\image784.jpg <-- strlab /home/strlab/public_html/index_files/Web Master Vinod Sharma_files image784.jpg
2011.01.25 14:29 B D:\public_html\index_files\Web Master Vinod Sharma_files\image790.gif <-- strlab /home/strlab/public_html/index_files/Web Master Vinod Sharma_files image790.gif
2011.01.25 14:29 B D:\public_html\index_files\Web Master Vinod Sharma_files\image791.gif <-- strlab /home/strlab/public_html/index_files/Web Master Vinod Sharma_files image791.gif
2011.01.25 14:29 B D:\public_html\index_files\Web Master Vinod Sharma_files\image794.gif <-- strlab /home/strlab/public_html/index_files/Web Master Vinod Sharma_files image794.gif
2011.01.25 14:29 B D:\public_html\index_files\Web Master Vinod Sharma_files\image798.gif <-- strlab /home/strlab/public_html/index_files/Web Master Vinod Sharma_files image798.gif
2011.01.25 14:29 B D:\public_html\index_files\Web Master Vinod Sharma_files\image799.gif <-- strlab /home/strlab/public_html/index_files/Web Master Vinod Sharma_files image799.gif
2011.01.25 14:29 B D:\public_html\index_files\Web Master Vinod Sharma_files\image805.gif <-- strlab /home/strlab/public_html/index_files/Web Master Vinod Sharma_files image805.gif
2011.01.25 14:29 B D:\public_html\index_files\Web Master Vinod Sharma_files\image806.gif <-- strlab /home/strlab/public_html/index_files/Web Master Vinod Sharma_files image806.gif
2011.01.25 14:29 B D:\public_html\index_files\Web Master Vinod Sharma_files\image819.jpg <-- strlab /home/strlab/public_html/index_files/Web Master Vinod Sharma_files image819.jpg
2011.01.25 14:29 B D:\public_html\index_files\Web Master Vinod Sharma_files\image8191.jpg <-- strlab /home/strlab/public_html/index_files/Web Master Vinod Sharma_files image8191.jpg
2011.01.25 14:29 B D:\public_html\index_files\Web Master Vinod Sharma_files\image820.jpg <-- strlab /home/strlab/public_html/index_files/Web Master Vinod Sharma_files image820.jpg
2011.01.25 14:29 B D:\public_html\index_files\Web Master Vinod Sharma_files\image824.jpg <-- strlab /home/strlab/public_html/index_files/Web Master Vinod Sharma_files image824.jpg
2011.01.25 14:29 B D:\public_html\index_files\Web Master Vinod Sharma_files\image825.jpg <-- strlab /home/strlab/public_html/index_files/Web Master Vinod Sharma_files image825.jpg
2011.01.25 14:29 B D:\public_html\index_files\Web Master Vinod Sharma_files\image826.jpg <-- strlab /home/strlab/public_html/index_files/Web Master Vinod Sharma_files image826.jpg
2011.01.25 14:29 B D:\public_html\index_files\Web Master Vinod Sharma_files\image827.gif <-- strlab /home/strlab/public_html/index_files/Web Master Vinod Sharma_files image827.gif
2011.01.25 14:29 B D:\public_html\index_files\Web Master Vinod Sharma_files\image828.png <-- strlab /home/strlab/public_html/index_files/Web Master Vinod Sharma_files image828.png
2011.01.25 14:29 B D:\public_html\index_files\Web Master Vinod Sharma_files\image830.gif <-- strlab /home/strlab/public_html/index_files/Web Master Vinod Sharma_files image830.gif
2011.01.25 14:29 B D:\public_html\index_files\Web Master Vinod Sharma_files\image834.gif <-- strlab /home/strlab/public_html/index_files/Web Master Vinod Sharma_files image834.gif
2011.01.25 14:29 B D:\public_html\index_files\Web Master Vinod Sharma_files\image835.png <-- strlab /home/strlab/public_html/index_files/Web Master Vinod Sharma_files image835.png
2011.01.25 14:29 B D:\public_html\index_files\Web Master Vinod Sharma_files\image837.gif <-- strlab /home/strlab/public_html/index_files/Web Master Vinod Sharma_files image837.gif
2011.01.25 14:29 B D:\public_html\index_files\Web Master Vinod Sharma_files\image838.png <-- strlab /home/strlab/public_html/index_files/Web Master Vinod Sharma_files image838.png
2011.01.25 14:29 B D:\public_html\index_files\Web Master Vinod Sharma_files\image845.gif <-- strlab /home/strlab/public_html/index_files/Web Master Vinod Sharma_files image845.gif
2011.01.25 14:29 B D:\public_html\index_files\Web Master Vinod Sharma_files\image873.gif <-- strlab /home/strlab/public_html/index_files/Web Master Vinod Sharma_files image873.gif
2011.01.25 14:29 B D:\public_html\index_files\Web Master Vinod Sharma_files\image875.png <-- strlab /home/strlab/public_html/index_files/Web Master Vinod Sharma_files image875.png
2011.01.25 14:29 B D:\public_html\index_files\Web Master Vinod Sharma_files\image876.gif <-- strlab /home/strlab/public_html/index_files/Web Master Vinod Sharma_files image876.gif
2011.01.25 14:29 B D:\public_html\index_files\Web Master Vinod Sharma_files\image879.png <-- strlab /home/strlab/public_html/index_files/Web Master Vinod Sharma_files image879.png
2011.01.25 14:29 B D:\public_html\index_files\Web Master Vinod Sharma_files\image8791.gif <-- strlab /home/strlab/public_html/index_files/Web Master Vinod Sharma_files image8791.gif
2011.01.25 14:29 B D:\public_html\index_files\Web Master Vinod Sharma_files\image880.png <-- strlab /home/strlab/public_html/index_files/Web Master Vinod Sharma_files image880.png
2011.01.25 14:29 B D:\public_html\index_files\Web Master Vinod Sharma_files\image8801.gif <-- strlab /home/strlab/public_html/index_files/Web Master Vinod Sharma_files image8801.gif
2011.01.25 14:29 B D:\public_html\index_files\Web Master Vinod Sharma_files\image881.gif <-- strlab /home/strlab/public_html/index_files/Web Master Vinod Sharma_files image881.gif
2011.01.25 14:29 B D:\public_html\index_files\Web Master Vinod Sharma_files\image886.gif <-- strlab /home/strlab/public_html/index_files/Web Master Vinod Sharma_files image886.gif
2011.01.25 14:29 B D:\public_html\index_files\Web Master Vinod Sharma_files\image887.png <-- strlab /home/strlab/public_html/index_files/Web Master Vinod Sharma_files image887.png
2011.01.25 14:29 B D:\public_html\index_files\Web Master Vinod Sharma_files\image893.jpg <-- strlab /home/strlab/public_html/index_files/Web Master Vinod Sharma_files image893.jpg
2011.01.25 14:29 B D:\public_html\index_files\Web Master Vinod Sharma_files\image895.gif <-- strlab /home/strlab/public_html/index_files/Web Master Vinod Sharma_files image895.gif
2011.01.25 14:29 B D:\public_html\index_files\Web Master Vinod Sharma_files\image898.gif <-- strlab /home/strlab/public_html/index_files/Web Master Vinod Sharma_files image898.gif
2011.01.25 14:29 B D:\public_html\index_files\Web Master Vinod Sharma_files\image900.jpg <-- strlab /home/strlab/public_html/index_files/Web Master Vinod Sharma_files image900.jpg
2011.01.25 14:29 B D:\public_html\index_files\Web Master Vinod Sharma_files\image901.jpg <-- strlab /home/strlab/public_html/index_files/Web Master Vinod Sharma_files image901.jpg
2011.01.25 14:29 B D:\public_html\index_files\Web Master Vinod Sharma_files\image903.jpg <-- strlab /home/strlab/public_html/index_files/Web Master Vinod Sharma_files image903.jpg
2011.01.25 14:29 B D:\public_html\index_files\Web Master Vinod Sharma_files\image904.jpg <-- strlab /home/strlab/public_html/index_files/Web Master Vinod Sharma_files image904.jpg
2011.01.25 14:29 B D:\public_html\index_files\Web Master Vinod Sharma_files\image905.gif <-- strlab /home/strlab/public_html/index_files/Web Master Vinod Sharma_files image905.gif
2011.01.25 14:29 B D:\public_html\index_files\Web Master Vinod Sharma_files\image908.gif <-- strlab /home/strlab/public_html/index_files/Web Master Vinod Sharma_files image908.gif
2011.01.25 14:29 B D:\public_html\index_files\Web Master Vinod Sharma_files\image912.jpg <-- strlab /home/strlab/public_html/index_files/Web Master Vinod Sharma_files image912.jpg
2011.01.25 14:29 B D:\public_html\index_files\Web Master Vinod Sharma_files\image915.gif <-- strlab /home/strlab/public_html/index_files/Web Master Vinod Sharma_files image915.gif
2011.01.25 14:29 B D:\public_html\index_files\Web Master Vinod Sharma_files\image923.gif <-- strlab /home/strlab/public_html/index_files/Web Master Vinod Sharma_files image923.gif
2011.01.25 14:29 B D:\public_html\index_files\Web Master Vinod Sharma_files\image926.gif <-- strlab /home/strlab/public_html/index_files/Web Master Vinod Sharma_files image926.gif
2011.01.25 14:29 B D:\public_html\index_files\Web Master Vinod Sharma_files\image933.gif <-- strlab /home/strlab/public_html/index_files/Web Master Vinod Sharma_files image933.gif
2011.01.25 14:29 B D:\public_html\index_files\Web Master Vinod Sharma_files\image934.gif <-- strlab /home/strlab/public_html/index_files/Web Master Vinod Sharma_files image934.gif
2011.01.25 14:29 B D:\public_html\index_files\Web Master Vinod Sharma_files\image935.gif <-- strlab /home/strlab/public_html/index_files/Web Master Vinod Sharma_files image935.gif
2011.01.25 14:29 B D:\public_html\index_files\Web Master Vinod Sharma_files\image936.gif <-- strlab /home/strlab/public_html/index_files/Web Master Vinod Sharma_files image936.gif
2011.01.25 14:29 B D:\public_html\index_files\Web Master Vinod Sharma_files\image937.gif <-- strlab /home/strlab/public_html/index_files/Web Master Vinod Sharma_files image937.gif
2011.01.25 14:29 B D:\public_html\index_files\Web Master Vinod Sharma_files\image9371.gif <-- strlab /home/strlab/public_html/index_files/Web Master Vinod Sharma_files image9371.gif
2011.01.25 14:29 B D:\public_html\index_files\Web Master Vinod Sharma_files\image938.gif <-- strlab /home/strlab/public_html/index_files/Web Master Vinod Sharma_files image938.gif
2011.01.25 14:29 B D:\public_html\index_files\Web Master Vinod Sharma_files\image9381.gif <-- strlab /home/strlab/public_html/index_files/Web Master Vinod Sharma_files image9381.gif
2011.01.25 14:29 B D:\public_html\index_files\Web Master Vinod Sharma_files\image939.gif <-- strlab /home/strlab/public_html/index_files/Web Master Vinod Sharma_files image939.gif
2011.01.25 14:29 B D:\public_html\index_files\Web Master Vinod Sharma_files\image940.gif <-- strlab /home/strlab/public_html/index_files/Web Master Vinod Sharma_files image940.gif
2011.01.25 14:29 B D:\public_html\index_files\Web Master Vinod Sharma_files\image949.png <-- strlab /home/strlab/public_html/index_files/Web Master Vinod Sharma_files image949.png
2011.01.25 14:29 B D:\public_html\index_files\Web Master Vinod Sharma_files\image9491.gif <-- strlab /home/strlab/public_html/index_files/Web Master Vinod Sharma_files image9491.gif
2011.01.25 14:29 B D:\public_html\index_files\Web Master Vinod Sharma_files\image951.png <-- strlab /home/strlab/public_html/index_files/Web Master Vinod Sharma_files image951.png
2011.01.25 14:29 B D:\public_html\index_files\Web Master Vinod Sharma_files\image9511.gif <-- strlab /home/strlab/public_html/index_files/Web Master Vinod Sharma_files image9511.gif
2011.01.25 14:29 B D:\public_html\index_files\Web Master Vinod Sharma_files\image953.gif <-- strlab /home/strlab/public_html/index_files/Web Master Vinod Sharma_files image953.gif
2011.01.25 14:29 B D:\public_html\index_files\Web Master Vinod Sharma_files\image954.gif <-- strlab /home/strlab/public_html/index_files/Web Master Vinod Sharma_files image954.gif
2011.01.25 14:29 B D:\public_html\index_files\Web Master Vinod Sharma_files\image955.gif <-- strlab /home/strlab/public_html/index_files/Web Master Vinod Sharma_files image955.gif
2011.01.25 14:29 B D:\public_html\index_files\Web Master Vinod Sharma_files\image956.gif <-- strlab /home/strlab/public_html/index_files/Web Master Vinod Sharma_files image956.gif
2011.01.25 14:29 B D:\public_html\index_files\Web Master Vinod Sharma_files\image960.gif <-- strlab /home/strlab/public_html/index_files/Web Master Vinod Sharma_files image960.gif
2011.01.25 14:29 B D:\public_html\index_files\Web Master Vinod Sharma_files\image964.gif <-- strlab /home/strlab/public_html/index_files/Web Master Vinod Sharma_files image964.gif
2011.01.25 14:29 B D:\public_html\index_files\Web Master Vinod Sharma_files\image967.gif <-- strlab /home/strlab/public_html/index_files/Web Master Vinod Sharma_files image967.gif
2011.01.25 14:29 B D:\public_html\index_files\Web Master Vinod Sharma_files\image968.gif <-- strlab /home/strlab/public_html/index_files/Web Master Vinod Sharma_files image968.gif
2011.01.25 14:29 B D:\public_html\index_files\Web Master Vinod Sharma_files\image970.gif <-- strlab /home/strlab/public_html/index_files/Web Master Vinod Sharma_files image970.gif
2011.01.25 14:29 B D:\public_html\index_files\Web Master Vinod Sharma_files\image971.gif <-- strlab /home/strlab/public_html/index_files/Web Master Vinod Sharma_files image971.gif
2011.01.25 14:29 B D:\public_html\index_files\Web Master Vinod Sharma_files\image972.gif <-- strlab /home/strlab/public_html/index_files/Web Master Vinod Sharma_files image972.gif
2011.01.25 14:29 B D:\public_html\index_files\Web Master Vinod Sharma_files\image974.gif <-- strlab /home/strlab/public_html/index_files/Web Master Vinod Sharma_files image974.gif
2011.01.25 14:29 B D:\public_html\index_files\Web Master Vinod Sharma_files\image975.jpg <-- strlab /home/strlab/public_html/index_files/Web Master Vinod Sharma_files image975.jpg
2011.01.25 14:29 B D:\public_html\index_files\Web Master Vinod Sharma_files\image976.gif <-- strlab /home/strlab/public_html/index_files/Web Master Vinod Sharma_files image976.gif
2011.01.25 14:29 B D:\public_html\index_files\Web Master Vinod Sharma_files\image977.gif <-- strlab /home/strlab/public_html/index_files/Web Master Vinod Sharma_files image977.gif
2011.01.25 14:29 B D:\public_html\index_files\Web Master Vinod Sharma_files\image978.gif <-- strlab /home/strlab/public_html/index_files/Web Master Vinod Sharma_files image978.gif
2011.01.25 14:29 B D:\public_html\index_files\Web Master Vinod Sharma_files\image981.jpg <-- strlab /home/strlab/public_html/index_files/Web Master Vinod Sharma_files image981.jpg
2011.01.25 14:29 B D:\public_html\index_files\Web Master Vinod Sharma_files\image982.gif <-- strlab /home/strlab/public_html/index_files/Web Master Vinod Sharma_files image982.gif
2011.01.25 14:29 B D:\public_html\index_files\Web Master Vinod Sharma_files\image986.gif <-- strlab /home/strlab/public_html/index_files/Web Master Vinod Sharma_files image986.gif
2011.01.25 14:29 B D:\public_html\index_files\Web Master Vinod Sharma_files\image993.gif <-- strlab /home/strlab/public_html/index_files/Web Master Vinod Sharma_files image993.gif
2011.01.25 14:29 B D:\public_html\index_files\Web Master Vinod Sharma_files\image994.jpg <-- strlab /home/strlab/public_html/index_files/Web Master Vinod Sharma_files image994.jpg
2011.01.25 14:29 B D:\public_html\index_files\Web Master Vinod Sharma_files\image998.jpg <-- strlab /home/strlab/public_html/index_files/Web Master Vinod Sharma_files image998.jpg
2011.01.25 14:29 B D:\public_html\index_files\Web Master Vinod Sharma_files\oledata.mso <-- strlab /home/strlab/public_html/index_files/Web Master Vinod Sharma_files oledata.mso
2011.01.25 14:29 B D:\public_html\index_files\Web Master Vinod Sharma_files\Page314.htm <-- strlab /home/strlab/public_html/index_files/Web Master Vinod Sharma_files Page314.htm
2011.01.25 14:29 B D:\public_html\index_files\Web Master Vinod Sharma_files\Page429.htm <-- strlab /home/strlab/public_html/index_files/Web Master Vinod Sharma_files Page429.htm
2011.01.25 14:29 B D:\public_html\index_files\Web Master Vinod Sharma_files\Page516.htm <-- strlab /home/strlab/public_html/index_files/Web Master Vinod Sharma_files Page516.htm
2011.01.25 14:29 B D:\public_html\index_files\Web Master Vinod Sharma_files\Page555.htm <-- strlab /home/strlab/public_html/index_files/Web Master Vinod Sharma_files Page555.htm
2011.01.25 14:29 B D:\public_html\index_files\Web Master Vinod Sharma_files\Page576.htm <-- strlab /home/strlab/public_html/index_files/Web Master Vinod Sharma_files Page576.htm
2011.01.25 14:29 B D:\public_html\index_files\Web Master Vinod Sharma_files\Page597.htm <-- strlab /home/strlab/public_html/index_files/Web Master Vinod Sharma_files Page597.htm
2011.01.25 14:29 B D:\public_html\index_files\Web Master Vinod Sharma_files\Page612.htm <-- strlab /home/strlab/public_html/index_files/Web Master Vinod Sharma_files Page612.htm
2011.01.25 14:29 B D:\public_html\index_files\Web Master Vinod Sharma_files\Page644.htm <-- strlab /home/strlab/public_html/index_files/Web Master Vinod Sharma_files Page644.htm
2011.01.25 14:29 B D:\public_html\index_files\Web Master Vinod Sharma_files\Page753.htm <-- strlab /home/strlab/public_html/index_files/Web Master Vinod Sharma_files Page753.htm
2011.01.25 14:29 B D:\public_html\index_files\Web Master Vinod Sharma_files\Page779.htm <-- strlab /home/strlab/public_html/index_files/Web Master Vinod Sharma_files Page779.htm
2011.01.25 14:29 B D:\public_html\index_files\Web Master Vinod Sharma_files\Page789.htm <-- strlab /home/strlab/public_html/index_files/Web Master Vinod Sharma_files Page789.htm
2011.01.25 14:29 B D:\public_html\index_files\Web Master Vinod Sharma_files\Page802.htm <-- strlab /home/strlab/public_html/index_files/Web Master Vinod Sharma_files Page802.htm
2011.01.25 14:29 B D:\public_html\index_files\Web Master Vinod Sharma_files\Page930.htm <-- strlab /home/strlab/public_html/index_files/Web Master Vinod Sharma_files Page930.htm
